<?xml version="1.0" encoding="UTF-8"?>
<testng-results ignored="0" total="1" passed="1" failed="0" skipped="0">
  <reporter-output>
  </reporter-output>
  <suite started-at="2025-01-09T04:20:45 IST" name="Suite" finished-at="2025-01-09T04:20:51 IST" duration-ms="5844">
    <groups>
    </groups>
    <test started-at="2025-01-09T04:20:45 IST" name="Test" finished-at="2025-01-09T04:20:51 IST" duration-ms="5844">
      <class name="testScripts.ManageNewsTest">
        <test-method is-config="true" signature="beforeMethod()[pri:0, instance:testScripts.ManageNewsTest@409bf450]" started-at="2025-01-09T04:20:45 IST" name="beforeMethod" finished-at="2025-01-09T04:20:48 IST" duration-ms="2725" status="PASS">
          <reporter-output>
          </reporter-output>
        </test-method> <!-- beforeMethod -->
        <test-method signature="enterNewsInfo(java.lang.String,java.lang.String)[pri:0, instance:testScripts.ManageNewsTest@409bf450]" started-at="2025-01-09T04:20:48 IST" name="enterNewsInfo" finished-at="2025-01-09T04:20:51 IST" duration-ms="3069" status="PASS">
          <params>
            <param index="0">
              <value>
                <![CDATA[admin]]>
              </value>
            </param>
            <param index="1">
              <value>
                <![CDATA[admin]]>
              </value>
            </param>
          </params>
          <reporter-output>
          </reporter-output>
        </test-method> <!-- enterNewsInfo -->
        <test-method is-config="true" signature="afterMethod(org.testng.ITestResult)[pri:0, instance:testScripts.ManageNewsTest@409bf450]" started-at="2025-01-09T04:20:51 IST" name="afterMethod" finished-at="2025-01-09T04:20:51 IST" duration-ms="1" status="PASS">
          <params>
            <param index="0">
              <value>
                <![CDATA[[TestResult name=enterNewsInfo status=SUCCESS method=ManageNewsTest.enterNewsInfo(java.lang.String,java.lang.String)[pri:0, instance:testScripts.ManageNewsTest@409bf450] output={null}]]]>
              </value>
            </param>
          </params>
          <reporter-output>
          </reporter-output>
        </test-method> <!-- afterMethod -->
      </class> <!-- testScripts.ManageNewsTest -->
    </test> <!-- Test -->
  </suite> <!-- Suite -->
</testng-results>
