<?xml version="1.0" encoding="UTF-8"?>
<testng-results ignored="1" total="3" passed="2" failed="0" skipped="0">
  <reporter-output>
  </reporter-output>
  <suite started-at="2025-01-14T15:54:01 IST" name="Grouping" finished-at="2025-01-14T15:54:14 IST" duration-ms="13096">
    <groups>
      <group name="Regression">
        <method signature="LoginPageTest.verifyLoginWithInvalidPassword()[pri:0, instance:testScripts.LoginPageTest@a514af7]" name="verifyLoginWithInvalidPassword" class="testScripts.LoginPageTest"/>
        <method signature="LoginPageTest.verifyLoginWithInvalidUserName()[pri:0, instance:testScripts.LoginPageTest@a514af7]" name="verifyLoginWithInvalidUserName" class="testScripts.LoginPageTest"/>
      </group> <!-- Regression -->
    </groups>
    <test started-at="2025-01-14T15:54:01 IST" name="Grouping" finished-at="2025-01-14T15:54:14 IST" duration-ms="13096">
      <class name="testScripts.LoginPageTest">
        <test-method is-config="true" signature="beforeMethod(java.lang.String)[pri:0, instance:testScripts.LoginPageTest@a514af7]" started-at="2025-01-14T15:54:01 IST" name="beforeMethod" finished-at="2025-01-14T15:54:07 IST" duration-ms="6130" status="PASS">
          <params>
            <param index="0">
              <value>
                <![CDATA[Chrome]]>
              </value>
            </param>
          </params>
          <reporter-output>
          </reporter-output>
        </test-method> <!-- beforeMethod -->
        <test-method signature="verifyLoginWithInvalidPassword()[pri:0, instance:testScripts.LoginPageTest@a514af7]" started-at="2025-01-14T15:54:07 IST" name="verifyLoginWithInvalidPassword" finished-at="2025-01-14T15:54:10 IST" duration-ms="2525" status="PASS">
          <reporter-output>
          </reporter-output>
        </test-method> <!-- verifyLoginWithInvalidPassword -->
        <test-method is-config="true" signature="beforeMethod(java.lang.String)[pri:0, instance:testScripts.LoginPageTest@a514af7]" started-at="2025-01-14T15:54:10 IST" name="beforeMethod" finished-at="2025-01-14T15:54:12 IST" duration-ms="2565" status="PASS">
          <params>
            <param index="0">
              <value>
                <![CDATA[Chrome]]>
              </value>
            </param>
          </params>
          <reporter-output>
          </reporter-output>
        </test-method> <!-- beforeMethod -->
        <test-method signature="verifyLoginWithInvalidUserName()[pri:0, instance:testScripts.LoginPageTest@a514af7]" started-at="2025-01-14T15:54:12 IST" name="verifyLoginWithInvalidUserName" finished-at="2025-01-14T15:54:14 IST" duration-ms="1797" status="PASS">
          <reporter-output>
          </reporter-output>
        </test-method> <!-- verifyLoginWithInvalidUserName -->
      </class> <!-- testScripts.LoginPageTest -->
    </test> <!-- Grouping -->
  </suite> <!-- Grouping -->
</testng-results>
