<?xml version="1.0" encoding="UTF-8"?>
<!-- Generated by org.testng.reporters.JUnitXMLReporter -->
<testsuite ignored="1" hostname="SandraArun" failures="0" tests="2" name="Grouping" time="13.096" errors="0" timestamp="2025-01-14T15:54:14 IST">
  <testcase classname="testScripts.LoginPageTest" name="verifyLoginWithInvalidPassword" time="2.525"/>
  <testcase classname="testScripts.LoginPageTest" name="verifyLoginWithInvalidUserName" time="1.797"/>
  <testcase classname="testScripts.LoginPageTest" name="verifyLoginWithValidCredentials" time="0.0">
    <ignored/>
  </testcase> <!-- verifyLoginWithValidCredentials -->
</testsuite> <!-- Grouping -->
