<?xml version="1.0" encoding="UTF-8"?>
<!-- Generated by org.testng.reporters.JUnitXMLReporter -->
<testsuite ignored="1" hostname="SandraArun" failures="0" tests="2" name="Grouping" time="11.342" errors="0" timestamp="2025-01-10T11:08:33 IST">
  <testcase classname="testScripts.LoginPageTest" name="verifyInvalidPasswordforLogin" time="2.919"/>
  <testcase classname="testScripts.LoginPageTest" name="verifyInvalidUserNameforLogin" time="1.877"/>
  <testcase classname="testScripts.LoginPageTest" name="verifyValidCredentialsforLogin" time="0.0">
    <ignored/>
  </testcase> <!-- verifyValidCredentialsforLogin -->
</testsuite> <!-- Grouping -->
