<?xml version="1.0" encoding="UTF-8"?>
<!-- Generated by org.testng.reporters.JUnitXMLReporter -->
<testsuite ignored="0" hostname="SandraArun" failures="0" tests="13" name="Test" time="0.112" errors="0" timestamp="2025-01-09T08:20:52 IST">
  <testcase classname="testScripts.Base" name="@BeforeMethod beforeMethod" time="-1.736391051945E9">
    <failure type="org.testng.TestNGException" message="
Parameter &amp;apos;Browser&amp;apos; is required by BeforeMethod on method beforeMethod but has not been marked @Optional or defined
in C:\Users\sandr\git\7RMSuperMarket\7RMart\Parameter.xml">
      <![CDATA[org.testng.TestNGException: 
Parameter 'Browser' is required by BeforeMethod on method beforeMethod but has not been marked @Optional or defined
in C:\Users\sandr\git\7RMSuperMarket\7RMart\Parameter.xml
at java.base/java.util.ArrayList.forEach(ArrayList.java:1597)
... Removed 28 stack frames]]>
    </failure>
  </testcase> <!-- @BeforeMethod beforeMethod -->
  <testcase classname="testScripts.Base" name="@AfterMethod afterMethod" time="-1.73639105196E9">
    <skipped/>
  </testcase> <!-- @AfterMethod afterMethod -->
  <testcase classname="testScripts.Base" name="@BeforeMethod beforeMethod" time="-1.736391051963E9">
    <skipped/>
  </testcase> <!-- @BeforeMethod beforeMethod -->
  <testcase classname="testScripts.Base" name="@AfterMethod afterMethod" time="-1.736391051969E9">
    <skipped/>
  </testcase> <!-- @AfterMethod afterMethod -->
  <testcase classname="testScripts.Base" name="@BeforeMethod beforeMethod" time="-1.736391051981E9">
    <skipped/>
  </testcase> <!-- @BeforeMethod beforeMethod -->
  <testcase classname="testScripts.Base" name="@AfterMethod afterMethod" time="-1.736391051984E9">
    <skipped/>
  </testcase> <!-- @AfterMethod afterMethod -->
  <testcase classname="testScripts.Base" name="@BeforeMethod beforeMethod" time="-1.736391051987E9">
    <failure type="org.testng.TestNGException" message="
Parameter &amp;apos;Browser&amp;apos; is required by BeforeMethod on method beforeMethod but has not been marked @Optional or defined
in C:\Users\sandr\git\7RMSuperMarket\7RMart\Parameter.xml">
      <![CDATA[org.testng.TestNGException: 
Parameter 'Browser' is required by BeforeMethod on method beforeMethod but has not been marked @Optional or defined
in C:\Users\sandr\git\7RMSuperMarket\7RMart\Parameter.xml
at java.base/java.util.ArrayList.forEach(ArrayList.java:1597)
... Removed 28 stack frames]]>
    </failure>
  </testcase> <!-- @BeforeMethod beforeMethod -->
  <testcase classname="testScripts.Base" name="@AfterMethod afterMethod" time="-1.736391051992E9">
    <skipped/>
  </testcase> <!-- @AfterMethod afterMethod -->
  <testcase classname="testScripts.Base" name="@BeforeMethod beforeMethod" time="-1.736391051993E9">
    <skipped/>
  </testcase> <!-- @BeforeMethod beforeMethod -->
  <testcase classname="testScripts.Base" name="@AfterMethod afterMethod" time="-1.736391051995E9">
    <skipped/>
  </testcase> <!-- @AfterMethod afterMethod -->
  <testcase classname="testScripts.Base" name="@BeforeMethod beforeMethod" time="-1.736391051996E9">
    <skipped/>
  </testcase> <!-- @BeforeMethod beforeMethod -->
  <testcase classname="testScripts.Base" name="@AfterMethod afterMethod" time="-1.736391052001E9">
    <skipped/>
  </testcase> <!-- @AfterMethod afterMethod -->
  <testcase classname="testScripts.Base" name="@BeforeMethod beforeMethod" time="-1.736391052002E9">
    <failure type="org.testng.TestNGException" message="
Parameter &amp;apos;Browser&amp;apos; is required by BeforeMethod on method beforeMethod but has not been marked @Optional or defined
in C:\Users\sandr\git\7RMSuperMarket\7RMart\Parameter.xml">
      <![CDATA[org.testng.TestNGException: 
Parameter 'Browser' is required by BeforeMethod on method beforeMethod but has not been marked @Optional or defined
in C:\Users\sandr\git\7RMSuperMarket\7RMart\Parameter.xml
at java.base/java.util.ArrayList.forEach(ArrayList.java:1597)
... Removed 28 stack frames]]>
    </failure>
  </testcase> <!-- @BeforeMethod beforeMethod -->
  <testcase classname="testScripts.Base" name="@AfterMethod afterMethod" time="-1.736391052006E9">
    <skipped/>
  </testcase> <!-- @AfterMethod afterMethod -->
  <testcase classname="testScripts.Base" name="@BeforeMethod beforeMethod" time="-1.736391052007E9">
    <failure type="org.testng.TestNGException" message="
Parameter &amp;apos;Browser&amp;apos; is required by BeforeMethod on method beforeMethod but has not been marked @Optional or defined
in C:\Users\sandr\git\7RMSuperMarket\7RMart\Parameter.xml">
      <![CDATA[org.testng.TestNGException: 
Parameter 'Browser' is required by BeforeMethod on method beforeMethod but has not been marked @Optional or defined
in C:\Users\sandr\git\7RMSuperMarket\7RMart\Parameter.xml
at java.base/java.util.ArrayList.forEach(ArrayList.java:1597)
... Removed 28 stack frames]]>
    </failure>
  </testcase> <!-- @BeforeMethod beforeMethod -->
  <testcase classname="testScripts.Base" name="@AfterMethod afterMethod" time="-1.736391052008E9">
    <skipped/>
  </testcase> <!-- @AfterMethod afterMethod -->
  <testcase classname="testScripts.Base" name="@BeforeMethod beforeMethod" time="-1.736391052008E9">
    <skipped/>
  </testcase> <!-- @BeforeMethod beforeMethod -->
  <testcase classname="testScripts.Base" name="@AfterMethod afterMethod" time="-1.736391052011E9">
    <skipped/>
  </testcase> <!-- @AfterMethod afterMethod -->
  <testcase classname="testScripts.Base" name="@BeforeMethod beforeMethod" time="-1.736391052018E9">
    <skipped/>
  </testcase> <!-- @BeforeMethod beforeMethod -->
  <testcase classname="testScripts.Base" name="@AfterMethod afterMethod" time="-1.736391052022E9">
    <skipped/>
  </testcase> <!-- @AfterMethod afterMethod -->
  <testcase classname="testScripts.Base" name="@BeforeMethod beforeMethod" time="-1.736391052023E9">
    <skipped/>
  </testcase> <!-- @BeforeMethod beforeMethod -->
  <testcase classname="testScripts.Base" name="@AfterMethod afterMethod" time="-1.736391052024E9">
    <skipped/>
  </testcase> <!-- @AfterMethod afterMethod -->
  <testcase classname="testScripts.Base" name="@BeforeMethod beforeMethod" time="-1.736391052024E9">
    <skipped/>
  </testcase> <!-- @BeforeMethod beforeMethod -->
  <testcase classname="testScripts.Base" name="@AfterMethod afterMethod" time="-1.736391052025E9">
    <skipped/>
  </testcase> <!-- @AfterMethod afterMethod -->
  <testcase classname="testScripts.Base" name="@BeforeMethod beforeMethod" time="-1.736391052025E9">
    <failure type="org.testng.TestNGException" message="
Parameter &amp;apos;Browser&amp;apos; is required by BeforeMethod on method beforeMethod but has not been marked @Optional or defined
in C:\Users\sandr\git\7RMSuperMarket\7RMart\Parameter.xml">
      <![CDATA[org.testng.TestNGException: 
Parameter 'Browser' is required by BeforeMethod on method beforeMethod but has not been marked @Optional or defined
in C:\Users\sandr\git\7RMSuperMarket\7RMart\Parameter.xml
at java.base/java.util.ArrayList.forEach(ArrayList.java:1597)
... Removed 28 stack frames]]>
    </failure>
  </testcase> <!-- @BeforeMethod beforeMethod -->
  <testcase classname="testScripts.Base" name="@AfterMethod afterMethod" time="-1.736391052027E9">
    <skipped/>
  </testcase> <!-- @AfterMethod afterMethod -->
  <testcase classname="testScripts.AdminUsersPageTest" name="verifyAddNewAdminUser" time="0.0">
    <skipped/>
  </testcase> <!-- verifyAddNewAdminUser -->
  <testcase classname="testScripts.AdminUsersPageTest" name="verifyAdminUserSearch" time="0.0">
    <skipped/>
  </testcase> <!-- verifyAdminUserSearch -->
  <testcase classname="testScripts.AdminUsersPageTest" name="verifyToDeleteAdminUser" time="0.0">
    <skipped/>
  </testcase> <!-- verifyToDeleteAdminUser -->
  <testcase classname="testScripts.CategoryTest" name="verifyCreateNewCategory" time="0.0">
    <skipped/>
  </testcase> <!-- verifyCreateNewCategory -->
  <testcase classname="testScripts.CategoryTest" name="verifyCategorySearch" time="0.0">
    <skipped/>
  </testcase> <!-- verifyCategorySearch -->
  <testcase classname="testScripts.CategoryTest" name="verifyDeleteCategoryfromSearchResult" time="0.0">
    <skipped/>
  </testcase> <!-- verifyDeleteCategoryfromSearchResult -->
  <testcase classname="testScripts.HomePageTest" name="verifyUserisAbleToLogout" time="0.001">
    <skipped/>
  </testcase> <!-- verifyUserisAbleToLogout -->
  <testcase classname="testScripts.LoginPageTest" name="verifyInvalidPasswordforLogin" time="0.0">
    <skipped/>
  </testcase> <!-- verifyInvalidPasswordforLogin -->
  <testcase classname="testScripts.LoginPageTest" name="verifyInvalidUserNameforLogin" time="0.0">
    <skipped/>
  </testcase> <!-- verifyInvalidUserNameforLogin -->
  <testcase classname="testScripts.LoginPageTest" name="verifyValidCredentialsforLogin" time="0.0">
    <skipped/>
  </testcase> <!-- verifyValidCredentialsforLogin -->
  <testcase classname="testScripts.LoginPageTest" name="verifyValidCredentialsforLogin" time="0.0">
    <skipped/>
  </testcase> <!-- verifyValidCredentialsforLogin -->
  <testcase classname="testScripts.LoginPageTest" name="verifyValidCredentialsforLogin" time="0.0">
    <skipped/>
  </testcase> <!-- verifyValidCredentialsforLogin -->
  <testcase classname="testScripts.ManageNewsTest" name="enterNewsInfo" time="0.0">
    <skipped/>
  </testcase> <!-- enterNewsInfo -->
</testsuite> <!-- Test -->
